2025-05-09 08:00:44.757: [INFO][Sync] Reset engine, reason: 8
2025-05-09 08:00:44.757: [INFO][Sync] Stopped: Bookmarks
2025-05-09 08:00:44.757: [INFO][Sync] Stopped: Preferences
2025-05-09 08:00:44.757: [INFO][Sync] Stopped: Passwords
2025-05-09 08:00:44.757: [INFO][Sync] Stopped: Autofill Profiles
2025-05-09 08:00:44.757: [INFO][Sync] Stopped: Autofill
2025-05-09 08:00:44.757: [INFO][Sync] Stopped: Extensions
2025-05-09 08:00:44.757: [INFO][Sync] Stopped: Sessions
2025-05-09 08:00:44.757: [INFO][Sync] Stopped: Extension settings
2025-05-09 08:00:44.757: [INFO][Sync] Stopped: History Delete Directives
2025-05-09 08:00:44.757: [INFO][Sync] Stopped: Device Info
2025-05-09 08:00:44.757: [INFO][Sync] Stopped: User Consents
2025-05-09 08:00:44.757: [INFO][Sync] Stopped: Send Tab To Self
2025-05-09 08:00:44.757: [INFO][Sync] Stopped: Web Apps
2025-05-09 08:00:44.757: [INFO][Sync] Stopped: History
2025-05-09 08:00:44.757: [INFO][Sync] Stopped: Saved Tab Group
2025-05-09 08:00:44.757: [INFO][Sync] Stopped: Collection
2025-05-09 08:00:44.757: [INFO][Sync] Stopped: Edge E Drop
2025-05-09 08:00:44.757: [INFO][Sync] Stopped: Edge Hub App Usage
2025-05-09 08:00:44.757: [INFO][Sync] Stopped: Edge Tab Group
2025-05-09 08:00:44.757: [INFO][Sync] Stopped: Edge Wallet
2025-05-09 08:00:44.757: [INFO][Sync] SyncState after authenticated was: NotSignedIn
2025-05-09 08:00:45.112: [INFO][Sync] Reset engine, reason: 8
2025-05-09 08:00:45.112: [INFO][Sync] Stopped: Bookmarks
2025-05-09 08:00:45.112: [INFO][Sync] Stopped: Preferences
2025-05-09 08:00:45.112: [INFO][Sync] Stopped: Passwords
2025-05-09 08:00:45.112: [INFO][Sync] Stopped: Autofill Profiles
2025-05-09 08:00:45.112: [INFO][Sync] Stopped: Autofill
2025-05-09 08:00:45.112: [INFO][Sync] Stopped: Extensions
2025-05-09 08:00:45.112: [INFO][Sync] Stopped: Sessions
2025-05-09 08:00:45.112: [INFO][Sync] Stopped: Extension settings
2025-05-09 08:00:45.112: [INFO][Sync] Stopped: History Delete Directives
2025-05-09 08:00:45.112: [INFO][Sync] Stopped: Device Info
2025-05-09 08:00:45.112: [INFO][Sync] Stopped: User Consents
2025-05-09 08:00:45.112: [INFO][Sync] Stopped: Send Tab To Self
2025-05-09 08:00:45.112: [INFO][Sync] Stopped: Web Apps
2025-05-09 08:00:45.112: [INFO][Sync] Stopped: History
2025-05-09 08:00:45.112: [INFO][Sync] Stopped: Saved Tab Group
2025-05-09 08:00:45.112: [INFO][Sync] Stopped: Collection
2025-05-09 08:00:45.112: [INFO][Sync] Stopped: Edge E Drop
2025-05-09 08:00:45.112: [INFO][Sync] Stopped: Edge Hub App Usage
2025-05-09 08:00:45.112: [INFO][Sync] Stopped: Edge Tab Group
2025-05-09 08:00:45.112: [INFO][Sync] Stopped: Edge Wallet
2025-05-09 08:04:54.103: [INFO][Sync] Reset engine, reason: 0
2025-05-09 08:05:19.950: [INFO][Sync] Reset engine, reason: 8
2025-05-09 08:05:19.950: [INFO][Sync] Stopped: Bookmarks
2025-05-09 08:05:19.950: [INFO][Sync] Stopped: Preferences
2025-05-09 08:05:19.950: [INFO][Sync] Stopped: Passwords
2025-05-09 08:05:19.950: [INFO][Sync] Stopped: Autofill Profiles
2025-05-09 08:05:19.950: [INFO][Sync] Stopped: Autofill
2025-05-09 08:05:19.950: [INFO][Sync] Stopped: Extensions
2025-05-09 08:05:19.950: [INFO][Sync] Stopped: Sessions
2025-05-09 08:05:19.950: [INFO][Sync] Stopped: Extension settings
2025-05-09 08:05:19.950: [INFO][Sync] Stopped: History Delete Directives
2025-05-09 08:05:19.950: [INFO][Sync] Stopped: Device Info
2025-05-09 08:05:19.950: [INFO][Sync] Stopped: User Consents
2025-05-09 08:05:19.950: [INFO][Sync] Stopped: Send Tab To Self
2025-05-09 08:05:19.950: [INFO][Sync] Stopped: Web Apps
2025-05-09 08:05:19.950: [INFO][Sync] Stopped: History
2025-05-09 08:05:19.950: [INFO][Sync] Stopped: Saved Tab Group
2025-05-09 08:05:19.950: [INFO][Sync] Stopped: Collection
2025-05-09 08:05:19.950: [INFO][Sync] Stopped: Edge E Drop
2025-05-09 08:05:19.950: [INFO][Sync] Stopped: Edge Hub App Usage
2025-05-09 08:05:19.950: [INFO][Sync] Stopped: Edge Tab Group
2025-05-09 08:05:19.950: [INFO][Sync] Stopped: Edge Wallet
2025-05-09 08:05:19.950: [INFO][Sync] SyncState after authenticated was: NotSignedIn
2025-05-09 08:05:20.058: [INFO][Sync] Reset engine, reason: 8
2025-05-09 08:05:20.058: [INFO][Sync] Stopped: Bookmarks
2025-05-09 08:05:20.058: [INFO][Sync] Stopped: Preferences
2025-05-09 08:05:20.058: [INFO][Sync] Stopped: Passwords
2025-05-09 08:05:20.058: [INFO][Sync] Stopped: Autofill Profiles
2025-05-09 08:05:20.058: [INFO][Sync] Stopped: Autofill
2025-05-09 08:05:20.058: [INFO][Sync] Stopped: Extensions
2025-05-09 08:05:20.058: [INFO][Sync] Stopped: Sessions
2025-05-09 08:05:20.058: [INFO][Sync] Stopped: Extension settings
2025-05-09 08:05:20.058: [INFO][Sync] Stopped: History Delete Directives
2025-05-09 08:05:20.058: [INFO][Sync] Stopped: Device Info
2025-05-09 08:05:20.058: [INFO][Sync] Stopped: User Consents
2025-05-09 08:05:20.058: [INFO][Sync] Stopped: Send Tab To Self
2025-05-09 08:05:20.058: [INFO][Sync] Stopped: Web Apps
2025-05-09 08:05:20.058: [INFO][Sync] Stopped: History
2025-05-09 08:05:20.058: [INFO][Sync] Stopped: Saved Tab Group
2025-05-09 08:05:20.058: [INFO][Sync] Stopped: Collection
2025-05-09 08:05:20.058: [INFO][Sync] Stopped: Edge E Drop
2025-05-09 08:05:20.058: [INFO][Sync] Stopped: Edge Hub App Usage
2025-05-09 08:05:20.058: [INFO][Sync] Stopped: Edge Tab Group
2025-05-09 08:05:20.058: [INFO][Sync] Stopped: Edge Wallet
2025-05-09 08:09:29.932: [INFO][Sync] Reset engine, reason: 0
2025-05-09 08:09:44.713: [INFO][Sync] Reset engine, reason: 8
2025-05-09 08:09:44.713: [INFO][Sync] Stopped: Bookmarks
2025-05-09 08:09:44.713: [INFO][Sync] Stopped: Preferences
2025-05-09 08:09:44.713: [INFO][Sync] Stopped: Passwords
2025-05-09 08:09:44.713: [INFO][Sync] Stopped: Autofill Profiles
2025-05-09 08:09:44.713: [INFO][Sync] Stopped: Autofill
2025-05-09 08:09:44.713: [INFO][Sync] Stopped: Extensions
2025-05-09 08:09:44.713: [INFO][Sync] Stopped: Sessions
2025-05-09 08:09:44.713: [INFO][Sync] Stopped: Extension settings
2025-05-09 08:09:44.713: [INFO][Sync] Stopped: History Delete Directives
2025-05-09 08:09:44.713: [INFO][Sync] Stopped: Device Info
2025-05-09 08:09:44.713: [INFO][Sync] Stopped: User Consents
2025-05-09 08:09:44.713: [INFO][Sync] Stopped: Send Tab To Self
2025-05-09 08:09:44.713: [INFO][Sync] Stopped: Web Apps
2025-05-09 08:09:44.713: [INFO][Sync] Stopped: History
2025-05-09 08:09:44.713: [INFO][Sync] Stopped: Saved Tab Group
2025-05-09 08:09:44.713: [INFO][Sync] Stopped: Collection
2025-05-09 08:09:44.713: [INFO][Sync] Stopped: Edge E Drop
2025-05-09 08:09:44.713: [INFO][Sync] Stopped: Edge Hub App Usage
2025-05-09 08:09:44.713: [INFO][Sync] Stopped: Edge Tab Group
2025-05-09 08:09:44.713: [INFO][Sync] Stopped: Edge Wallet
2025-05-09 08:09:44.713: [INFO][Sync] SyncState after authenticated was: NotSignedIn
2025-05-09 08:09:44.814: [INFO][Sync] Reset engine, reason: 8
2025-05-09 08:09:44.814: [INFO][Sync] Stopped: Bookmarks
2025-05-09 08:09:44.814: [INFO][Sync] Stopped: Preferences
2025-05-09 08:09:44.814: [INFO][Sync] Stopped: Passwords
2025-05-09 08:09:44.814: [INFO][Sync] Stopped: Autofill Profiles
2025-05-09 08:09:44.814: [INFO][Sync] Stopped: Autofill
2025-05-09 08:09:44.814: [INFO][Sync] Stopped: Extensions
2025-05-09 08:09:44.814: [INFO][Sync] Stopped: Sessions
2025-05-09 08:09:44.814: [INFO][Sync] Stopped: Extension settings
2025-05-09 08:09:44.814: [INFO][Sync] Stopped: History Delete Directives
2025-05-09 08:09:44.814: [INFO][Sync] Stopped: Device Info
2025-05-09 08:09:44.814: [INFO][Sync] Stopped: User Consents
2025-05-09 08:09:44.814: [INFO][Sync] Stopped: Send Tab To Self
2025-05-09 08:09:44.814: [INFO][Sync] Stopped: Web Apps
2025-05-09 08:09:44.814: [INFO][Sync] Stopped: History
2025-05-09 08:09:44.814: [INFO][Sync] Stopped: Saved Tab Group
2025-05-09 08:09:44.814: [INFO][Sync] Stopped: Collection
2025-05-09 08:09:44.814: [INFO][Sync] Stopped: Edge E Drop
2025-05-09 08:09:44.814: [INFO][Sync] Stopped: Edge Hub App Usage
2025-05-09 08:09:44.815: [INFO][Sync] Stopped: Edge Tab Group
2025-05-09 08:09:44.815: [INFO][Sync] Stopped: Edge Wallet
2025-05-09 08:10:53.005: [INFO][Sync] Reset engine, reason: 0
